e:\gamedev\semester-1-graphics-assignment-bonitaworalert\debug\vc143.pdb
e:\gamedev\semester-1-graphics-assignment-bonitaworalert\debug\vc143.idb
e:\gamedev\semester-1-graphics-assignment-bonitaworalert\debug\dx11 framework.obj
e:\gamedev\semester-1-graphics-assignment-bonitaworalert\debug\ddstextureloader.obj
e:\gamedev\semester-1-graphics-assignment-bonitaworalert\debug\application.obj
e:\gamedev\semester-1-graphics-assignment-bonitaworalert\debug\objloader.obj
e:\gamedev\semester-1-graphics-assignment-bonitaworalert\debug\camera.obj
e:\gamedev\semester-1-graphics-assignment-bonitaworalert\debug\dx11 framework.exe
e:\gamedev\semester-1-graphics-assignment-bonitaworalert\debug\dx11 framework.ilk
e:\gamedev\semester-1-graphics-assignment-bonitaworalert\debug\dx11 framework.pdb
e:\gamedev\semester-1-graphics-assignment-bonitaworalert\debug\dx11 framework.res
e:\gamedev\semester-1-graphics-assignment-bonitaworalert\debug\dx11 framework.tlog\cl.command.1.tlog
e:\gamedev\semester-1-graphics-assignment-bonitaworalert\debug\dx11 framework.tlog\cl.read.1.tlog
e:\gamedev\semester-1-graphics-assignment-bonitaworalert\debug\dx11 framework.tlog\cl.write.1.tlog
e:\gamedev\semester-1-graphics-assignment-bonitaworalert\debug\dx11 framework.tlog\link.command.1.tlog
e:\gamedev\semester-1-graphics-assignment-bonitaworalert\debug\dx11 framework.tlog\link.read.1.tlog
e:\gamedev\semester-1-graphics-assignment-bonitaworalert\debug\dx11 framework.tlog\link.write.1.tlog
e:\gamedev\semester-1-graphics-assignment-bonitaworalert\debug\dx11 framework.tlog\rc.command.1.tlog
e:\gamedev\semester-1-graphics-assignment-bonitaworalert\debug\dx11 framework.tlog\rc.read.1.tlog
e:\gamedev\semester-1-graphics-assignment-bonitaworalert\debug\dx11 framework.tlog\rc.write.1.tlog
